<?xml version="1.0" encoding="UTF-8"?>
<!-- Generated by org.testng.reporters.JUnitXMLReporter -->
<testsuite ignored="0" hostname="Ramis-MacBook-Pro.local" failures="0" tests="6" name="Command line test" time="126.145" errors="0" timestamp="2022-06-20T00:18:36 CDT">
  <testcase classname="scripts.CarvanaTest" name="testHomePage" time="12.167"/>
  <testcase classname="scripts.CarvanaTest" name="testLogo" time="11.446"/>
  <testcase classname="scripts.CarvanaTest" name="testMainNavigation" time="13.632"/>
  <testcase classname="scripts.CarvanaTest" name="testSignInError" time="18.536"/>
  <testcase classname="scripts.CarvanaTest" name="testSearchFilters" time="26.605"/>
  <testcase classname="scripts.CarvanaTest" name="testSearchResultTiles" time="31.798"/>
</testsuite> <!-- Command line test -->
