<?xml version="1.0" encoding="UTF-8"?>
<testng-results ignored="0" total="6" passed="6" failed="0" skipped="0">
  <reporter-output>
  </reporter-output>
  <suite started-at="2022-06-20T00:16:30 CDT" name="scripts.CarvanaTest" finished-at="2022-06-20T00:18:36 CDT" duration-ms="126145">
    <groups>
    </groups>
    <test started-at="2022-06-20T00:16:30 CDT" name="Command line test" finished-at="2022-06-20T00:18:36 CDT" duration-ms="126145">
      <class name="scripts.CarvanaTest">
        <test-method is-config="true" signature="setup()[pri:0, instance:scripts.CarvanaTest@6b9651f3]" started-at="2022-06-20T00:16:30 CDT" name="setup" finished-at="2022-06-20T00:16:32 CDT" duration-ms="1698" status="PASS">
          <reporter-output>
          </reporter-output>
        </test-method> <!-- setup -->
        <test-method signature="testHomePage()[pri:1, instance:scripts.CarvanaTest@6b9651f3]" started-at="2022-06-20T00:16:32 CDT" name="testHomePage" description="Validate Carvana home page title and url" finished-at="2022-06-20T00:16:44 CDT" duration-ms="12167" status="PASS">
          <reporter-output>
          </reporter-output>
        </test-method> <!-- testHomePage -->
        <test-method is-config="true" signature="teardown()[pri:0, instance:scripts.CarvanaTest@6b9651f3]" started-at="2022-06-20T00:16:44 CDT" name="teardown" finished-at="2022-06-20T00:16:46 CDT" duration-ms="1437" status="PASS">
          <reporter-output>
          </reporter-output>
        </test-method> <!-- teardown -->
        <test-method is-config="true" signature="setup()[pri:0, instance:scripts.CarvanaTest@6b9651f3]" started-at="2022-06-20T00:16:46 CDT" name="setup" finished-at="2022-06-20T00:16:47 CDT" duration-ms="1380" status="PASS">
          <reporter-output>
          </reporter-output>
        </test-method> <!-- setup -->
        <test-method signature="testLogo()[pri:2, instance:scripts.CarvanaTest@6b9651f3]" started-at="2022-06-20T00:16:47 CDT" name="testLogo" description="Validate Carvana logo" finished-at="2022-06-20T00:16:58 CDT" duration-ms="11446" status="PASS">
          <reporter-output>
          </reporter-output>
        </test-method> <!-- testLogo -->
        <test-method is-config="true" signature="teardown()[pri:0, instance:scripts.CarvanaTest@6b9651f3]" started-at="2022-06-20T00:16:58 CDT" name="teardown" finished-at="2022-06-20T00:16:59 CDT" duration-ms="1123" status="PASS">
          <reporter-output>
          </reporter-output>
        </test-method> <!-- teardown -->
        <test-method is-config="true" signature="setup()[pri:0, instance:scripts.CarvanaTest@6b9651f3]" started-at="2022-06-20T00:16:59 CDT" name="setup" finished-at="2022-06-20T00:17:01 CDT" duration-ms="1359" status="PASS">
          <reporter-output>
          </reporter-output>
        </test-method> <!-- setup -->
        <test-method signature="testMainNavigation()[pri:3, instance:scripts.CarvanaTest@6b9651f3]" started-at="2022-06-20T00:17:01 CDT" name="testMainNavigation" description="Validate the main navigation section items" finished-at="2022-06-20T00:17:14 CDT" duration-ms="13632" status="PASS">
          <reporter-output>
          </reporter-output>
        </test-method> <!-- testMainNavigation -->
        <test-method is-config="true" signature="teardown()[pri:0, instance:scripts.CarvanaTest@6b9651f3]" started-at="2022-06-20T00:17:14 CDT" name="teardown" finished-at="2022-06-20T00:17:15 CDT" duration-ms="195" status="PASS">
          <reporter-output>
          </reporter-output>
        </test-method> <!-- teardown -->
        <test-method is-config="true" signature="setup()[pri:0, instance:scripts.CarvanaTest@6b9651f3]" started-at="2022-06-20T00:17:15 CDT" name="setup" finished-at="2022-06-20T00:17:16 CDT" duration-ms="1338" status="PASS">
          <reporter-output>
          </reporter-output>
        </test-method> <!-- setup -->
        <test-method signature="testSignInError()[pri:4, instance:scripts.CarvanaTest@6b9651f3]" started-at="2022-06-20T00:17:16 CDT" name="testSignInError" description="Validate the sign in error message" finished-at="2022-06-20T00:17:35 CDT" duration-ms="18536" status="PASS">
          <reporter-output>
          </reporter-output>
        </test-method> <!-- testSignInError -->
        <test-method is-config="true" signature="teardown()[pri:0, instance:scripts.CarvanaTest@6b9651f3]" started-at="2022-06-20T00:17:35 CDT" name="teardown" finished-at="2022-06-20T00:17:35 CDT" duration-ms="164" status="PASS">
          <reporter-output>
          </reporter-output>
        </test-method> <!-- teardown -->
        <test-method is-config="true" signature="setup()[pri:0, instance:scripts.CarvanaTest@6b9651f3]" started-at="2022-06-20T00:17:35 CDT" name="setup" finished-at="2022-06-20T00:17:36 CDT" duration-ms="1399" status="PASS">
          <reporter-output>
          </reporter-output>
        </test-method> <!-- setup -->
        <test-method signature="testSearchFilters()[pri:5, instance:scripts.CarvanaTest@6b9651f3]" started-at="2022-06-20T00:17:36 CDT" name="testSearchFilters" description="Validate the search filter options and search button" finished-at="2022-06-20T00:18:03 CDT" duration-ms="26605" status="PASS">
          <reporter-output>
          </reporter-output>
        </test-method> <!-- testSearchFilters -->
        <test-method is-config="true" signature="teardown()[pri:0, instance:scripts.CarvanaTest@6b9651f3]" started-at="2022-06-20T00:18:03 CDT" name="teardown" finished-at="2022-06-20T00:18:03 CDT" duration-ms="260" status="PASS">
          <reporter-output>
          </reporter-output>
        </test-method> <!-- teardown -->
        <test-method is-config="true" signature="setup()[pri:0, instance:scripts.CarvanaTest@6b9651f3]" started-at="2022-06-20T00:18:03 CDT" name="setup" finished-at="2022-06-20T00:18:04 CDT" duration-ms="1402" status="PASS">
          <reporter-output>
          </reporter-output>
        </test-method> <!-- setup -->
        <test-method signature="testSearchResultTiles()[pri:6, instance:scripts.CarvanaTest@6b9651f3]" started-at="2022-06-20T00:18:04 CDT" name="testSearchResultTiles" description="Validate the search result tiles" finished-at="2022-06-20T00:18:36 CDT" duration-ms="31798" status="PASS">
          <reporter-output>
          </reporter-output>
        </test-method> <!-- testSearchResultTiles -->
        <test-method is-config="true" signature="teardown()[pri:0, instance:scripts.CarvanaTest@6b9651f3]" started-at="2022-06-20T00:18:36 CDT" name="teardown" finished-at="2022-06-20T00:18:36 CDT" duration-ms="191" status="PASS">
          <reporter-output>
          </reporter-output>
        </test-method> <!-- teardown -->
      </class> <!-- scripts.CarvanaTest -->
    </test> <!-- Command line test -->
  </suite> <!-- scripts.CarvanaTest -->
</testng-results>
